2025-11-22T10:26:37.320Z [BlockchainService] [31merror[39m: Failed to invoke IssueCard:
2025-11-22T10:26:37.349Z [CardsRoute] [31merror[39m: Error issuing card: Blockchain transaction failed: Command failed: docker exec cli peer chaincode invoke -o orderer1.bpjs-network.com:7050 -C bpjschannel -n bpjs -c '{"Args":["IssueCard","CARD1763807190972","P1763807190972","John Doe","1234567890123456","1990-01-01","Male","Jakarta, Indonesia","PBI","2025-11-22","2026-11-22"]}' --peerAddresses bpjs-blockchain-fabric-peer0.bpjs.bpjs-network.com-1:7051 --peerAddresses bpjs-blockchain-fabric-peer0.rumahsakit.bpjs-network.com-1:9051 --waitForEvent
Error: chaincode argument error: invalid character '\'' looking for beginning of value
Usage:
  peer chaincode invoke [flags]

Flags:
  -C, --channelID string               The channel on which this command should be executed
      --connectionProfile string       Connection profile that provides the necessary connection information for the network. Note: currently only supported for providing peer connection information
  -c, --ctor string                    Constructor message for the chaincode in JSON format (default "{}")
  -h, --help                           help for invoke
  -I, --isInit                         Is this invocation for init (useful for supporting legacy chaincodes in the new lifecycle)
  -n, --name string                    Name of the chaincode
      --peerAddresses stringArray      The addresses of the peers to connect to
      --tlsRootCertFiles stringArray   If TLS is enabled, the paths to the TLS root cert files of the peers to connect to. The order and number of certs specified should match the --peerAddresses flag
      --waitForEvent                   Whether to wait for the event from each peer's deliver filtered service signifying that the 'invoke' transaction has been committed successfully
      --waitForEventTimeout duration   Time to wait for the event from each peer's deliver filtered service signifying that the 'invoke' transaction has been committed successfully (default 30s)

Global Flags:
      --cafile string                       Path to file containing PEM-encoded trusted certificate(s) for the ordering endpoint
      --certfile string                     Path to file containing PEM-encoded X509 public key to use for mutual TLS communication with the orderer endpoint
      --clientauth                          Use mutual TLS when communicating with the orderer endpoint
      --connTimeout duration                Timeout for client to connect (default 3s)
      --keyfile string                      Path to file containing PEM-encoded private key to use for mutual TLS communication with the orderer endpoint
  -o, --orderer string                      Ordering service endpoint
      --ordererTLSHostnameOverride string   The hostname override to use when validating the TLS connection to the orderer
      --tls                                 Use TLS when communicating with the orderer endpoint
      --tlsHandshakeTimeShift duration      The amount of time to shift backwards for certificate expiration checks during TLS handshakes with the orderer endpoint
      --transient string                    Transient map of arguments in JSON encoding

 {"stack":"Error: Blockchain transaction failed: Command failed: docker exec cli peer chaincode invoke -o orderer1.bpjs-network.com:7050 -C bpjschannel -n bpjs -c '{\"Args\":[\"IssueCard\",\"CARD1763807190972\",\"P1763807190972\",\"John Doe\",\"1234567890123456\",\"1990-01-01\",\"Male\",\"Jakarta, Indonesia\",\"PBI\",\"2025-11-22\",\"2026-11-22\"]}' --peerAddresses bpjs-blockchain-fabric-peer0.bpjs.bpjs-network.com-1:7051 --peerAddresses bpjs-blockchain-fabric-peer0.rumahsakit.bpjs-network.com-1:9051 --waitForEvent\nError: chaincode argument error: invalid character '\\'' looking for beginning of value\nUsage:\n  peer chaincode invoke [flags]\n\nFlags:\n  -C, --channelID string               The channel on which this command should be executed\n      --connectionProfile string       Connection profile that provides the necessary connection information for the network. Note: currently only supported for providing peer connection information\n  -c, --ctor string                    Constructor message for the chaincode in JSON format (default \"{}\")\n  -h, --help                           help for invoke\n  -I, --isInit                         Is this invocation for init (useful for supporting legacy chaincodes in the new lifecycle)\n  -n, --name string                    Name of the chaincode\n      --peerAddresses stringArray      The addresses of the peers to connect to\n      --tlsRootCertFiles stringArray   If TLS is enabled, the paths to the TLS root cert files of the peers to connect to. The order and number of certs specified should match the --peerAddresses flag\n      --waitForEvent                   Whether to wait for the event from each peer's deliver filtered service signifying that the 'invoke' transaction has been committed successfully\n      --waitForEventTimeout duration   Time to wait for the event from each peer's deliver filtered service signifying that the 'invoke' transaction has been committed successfully (default 30s)\n\nGlobal Flags:\n      --cafile string                       Path to file containing PEM-encoded trusted certificate(s) for the ordering endpoint\n      --certfile string                     Path to file containing PEM-encoded X509 public key to use for mutual TLS communication with the orderer endpoint\n      --clientauth                          Use mutual TLS when communicating with the orderer endpoint\n      --connTimeout duration                Timeout for client to connect (default 3s)\n      --keyfile string                      Path to file containing PEM-encoded private key to use for mutual TLS communication with the orderer endpoint\n  -o, --orderer string                      Ordering service endpoint\n      --ordererTLSHostnameOverride string   The hostname override to use when validating the TLS connection to the orderer\n      --tls                                 Use TLS when communicating with the orderer endpoint\n      --tlsHandshakeTimeShift duration      The amount of time to shift backwards for certificate expiration checks during TLS handshakes with the orderer endpoint\n      --transient string                    Transient map of arguments in JSON encoding\n\n\n    at BlockchainService.invoke (D:\\Yroo\\Codin\\healthkathon\\bpjs-blockchain-fabric\\api\\src\\fabric\\blockchain.service.ts:48:13)\n    at processTicksAndRejections (node:internal/process/task_queues:105:5)\n    at async D:\\Yroo\\Codin\\healthkathon\\bpjs-blockchain-fabric\\api\\src\\routes\\cards.ts:31:5"}
2025-11-22T10:34:50.624Z [BlockchainService] [31merror[39m: Failed to query VerifyCard:
2025-11-22T10:34:50.649Z [CardsRoute] [31merror[39m: Error verifying card: Blockchain query failed: Command failed: docker exec cli peer chaincode query -C bpjschannel -n bpjs -c "{\"Args\":[\"VerifyCard\",\"CARD1763807671690\"]}"
Error: endorsement failure during query. response: status:500 message:"card CARD1763807671690 not found" 
 {"stack":"Error: Blockchain query failed: Command failed: docker exec cli peer chaincode query -C bpjschannel -n bpjs -c \"{\\\"Args\\\":[\\\"VerifyCard\\\",\\\"CARD1763807671690\\\"]}\"\nError: endorsement failure during query. response: status:500 message:\"card CARD1763807671690 not found\" \n\n    at BlockchainService.query (D:\\Yroo\\Codin\\healthkathon\\bpjs-blockchain-fabric\\api\\src\\fabric\\blockchain.service.ts:82:13)\n    at processTicksAndRejections (node:internal/process/task_queues:105:5)\n    at async D:\\Yroo\\Codin\\healthkathon\\bpjs-blockchain-fabric\\api\\src\\routes\\cards.ts:61:20"}
2025-11-22T10:41:20.368Z [BlockchainService] [31merror[39m: Failed to query VerifyCard:
2025-11-22T10:41:20.372Z [CardsRoute] [31merror[39m: Error verifying card: Blockchain query failed: Command failed: docker exec cli peer chaincode query -C bpjschannel -n bpjs -c "{\"Args\":[\"VerifyCard\",\"CARD1763808065362\"]}"
Error: endorsement failure during query. response: status:500 message:"card CARD1763808065362 not found" 
 {"stack":"Error: Blockchain query failed: Command failed: docker exec cli peer chaincode query -C bpjschannel -n bpjs -c \"{\\\"Args\\\":[\\\"VerifyCard\\\",\\\"CARD1763808065362\\\"]}\"\nError: endorsement failure during query. response: status:500 message:\"card CARD1763808065362 not found\" \n\n    at BlockchainService.query (D:\\Yroo\\Codin\\healthkathon\\bpjs-blockchain-fabric\\api\\src\\fabric\\blockchain.service.ts:82:13)\n    at processTicksAndRejections (node:internal/process/task_queues:105:5)\n    at async D:\\Yroo\\Codin\\healthkathon\\bpjs-blockchain-fabric\\api\\src\\routes\\cards.ts:61:20"}
2025-11-22T10:49:29.742Z [BlockchainService] [31merror[39m: Failed to invoke RecordVisit:
2025-11-22T10:49:29.748Z [VisitsRoute] [31merror[39m: Error recording visit: Blockchain transaction failed: Command failed: docker exec cli peer chaincode invoke -o orderer1.bpjs-network.com:7050 -C bpjschannel -n bpjs -c "{\"Args\":[\"RecordVisit\",\"VISIT1763808514226\",\"CARD123\",\"P001\",\"John Doe\",\"RS001\",\"RS Siloam\",\"rumahsakit\",\"2025-11-22\",\"outpatient\",\"Common Cold\",\"Paracetamol, Rest\",\"Dr. Smith\",\"DOC001\",\"Patient recovering well\"]}" --peerAddresses bpjs-blockchain-fabric-peer0.bpjs.bpjs-network.com-1:7051 --peerAddresses bpjs-blockchain-fabric-peer0.rumahsakit.bpjs-network.com-1:9051 --waitForEvent
Error: endorsement failure during invoke. response: status:500 message:"card verification failed: card CARD123 not found" 
 {"stack":"Error: Blockchain transaction failed: Command failed: docker exec cli peer chaincode invoke -o orderer1.bpjs-network.com:7050 -C bpjschannel -n bpjs -c \"{\\\"Args\\\":[\\\"RecordVisit\\\",\\\"VISIT1763808514226\\\",\\\"CARD123\\\",\\\"P001\\\",\\\"John Doe\\\",\\\"RS001\\\",\\\"RS Siloam\\\",\\\"rumahsakit\\\",\\\"2025-11-22\\\",\\\"outpatient\\\",\\\"Common Cold\\\",\\\"Paracetamol, Rest\\\",\\\"Dr. Smith\\\",\\\"DOC001\\\",\\\"Patient recovering well\\\"]}\" --peerAddresses bpjs-blockchain-fabric-peer0.bpjs.bpjs-network.com-1:7051 --peerAddresses bpjs-blockchain-fabric-peer0.rumahsakit.bpjs-network.com-1:9051 --waitForEvent\nError: endorsement failure during invoke. response: status:500 message:\"card verification failed: card CARD123 not found\" \n\n    at BlockchainService.invoke (D:\\Yroo\\Codin\\healthkathon\\bpjs-blockchain-fabric\\api\\src\\fabric\\blockchain.service.ts:50:13)\n    at processTicksAndRejections (node:internal/process/task_queues:105:5)\n    at async D:\\Yroo\\Codin\\healthkathon\\bpjs-blockchain-fabric\\api\\src\\routes\\visits.ts:32:5"}
2025-11-22T10:49:45.124Z [BlockchainService] [31merror[39m: Failed to invoke RecordVisit:
2025-11-22T10:49:45.126Z [VisitsRoute] [31merror[39m: Error recording visit: Blockchain transaction failed: Command failed: docker exec cli peer chaincode invoke -o orderer1.bpjs-network.com:7050 -C bpjschannel -n bpjs -c "{\"Args\":[\"RecordVisit\",\"VISIT1763808514226\",\"CARD1763807671690\",\"P001\",\"John Doe\",\"RS001\",\"RS Siloam\",\"rumahsakit\",\"2025-11-22\",\"outpatient\",\"Common Cold\",\"Paracetamol, Rest\",\"Dr. Smith\",\"DOC001\",\"Patient recovering well\"]}" --peerAddresses bpjs-blockchain-fabric-peer0.bpjs.bpjs-network.com-1:7051 --peerAddresses bpjs-blockchain-fabric-peer0.rumahsakit.bpjs-network.com-1:9051 --waitForEvent
Error: endorsement failure during invoke. response: status:500 message:"patient ID mismatch" 
 {"stack":"Error: Blockchain transaction failed: Command failed: docker exec cli peer chaincode invoke -o orderer1.bpjs-network.com:7050 -C bpjschannel -n bpjs -c \"{\\\"Args\\\":[\\\"RecordVisit\\\",\\\"VISIT1763808514226\\\",\\\"CARD1763807671690\\\",\\\"P001\\\",\\\"John Doe\\\",\\\"RS001\\\",\\\"RS Siloam\\\",\\\"rumahsakit\\\",\\\"2025-11-22\\\",\\\"outpatient\\\",\\\"Common Cold\\\",\\\"Paracetamol, Rest\\\",\\\"Dr. Smith\\\",\\\"DOC001\\\",\\\"Patient recovering well\\\"]}\" --peerAddresses bpjs-blockchain-fabric-peer0.bpjs.bpjs-network.com-1:7051 --peerAddresses bpjs-blockchain-fabric-peer0.rumahsakit.bpjs-network.com-1:9051 --waitForEvent\nError: endorsement failure during invoke. response: status:500 message:\"patient ID mismatch\" \n\n    at BlockchainService.invoke (D:\\Yroo\\Codin\\healthkathon\\bpjs-blockchain-fabric\\api\\src\\fabric\\blockchain.service.ts:50:13)\n    at processTicksAndRejections (node:internal/process/task_queues:105:5)\n    at async D:\\Yroo\\Codin\\healthkathon\\bpjs-blockchain-fabric\\api\\src\\routes\\visits.ts:32:5"}
2025-11-22T10:51:28.005Z [BlockchainService] [31merror[39m: Failed to query GetPatientVisits:
2025-11-22T10:51:28.007Z [VisitsRoute] [31merror[39m: Error getting visits: Blockchain query failed: Unexpected end of JSON input {"stack":"Error: Blockchain query failed: Unexpected end of JSON input\n    at BlockchainService.query (D:\\Yroo\\Codin\\healthkathon\\bpjs-blockchain-fabric\\api\\src\\fabric\\blockchain.service.ts:82:13)\n    at processTicksAndRejections (node:internal/process/task_queues:105:5)\n    at async D:\\Yroo\\Codin\\healthkathon\\bpjs-blockchain-fabric\\api\\src\\routes\\visits.ts:66:20"}
2025-11-22T10:57:00.457Z [BlockchainService] [31merror[39m: Failed to invoke IssueCard:
2025-11-22T10:57:00.461Z [CardsRoute] [31merror[39m: Error issuing card: Blockchain transaction failed: Command failed: docker exec cli peer chaincode invoke -o orderer1.bpjs-network.com:7050 -C bpjschannel -n bpjs -c "{\"Args\":[\"IssueCard\",\"CARD1\",\"P001\",\"ILHAM\",\"1234567890123456\",\"2025-11-22\",\"Male\",\"Jakarta, Indonesia\",\"Non-PBI\",\"2025-11-22\",\"2025-11-22\"]}" --peerAddresses bpjs-blockchain-fabric-peer0.bpjs.bpjs-network.com-1:7051 --peerAddresses bpjs-blockchain-fabric-peer0.rumahsakit.bpjs-network.com-1:9051 --waitForEvent
Error: endorsement failure during invoke. response: status:500 message:"card CARD1 already exists" 
 {"stack":"Error: Blockchain transaction failed: Command failed: docker exec cli peer chaincode invoke -o orderer1.bpjs-network.com:7050 -C bpjschannel -n bpjs -c \"{\\\"Args\\\":[\\\"IssueCard\\\",\\\"CARD1\\\",\\\"P001\\\",\\\"ILHAM\\\",\\\"1234567890123456\\\",\\\"2025-11-22\\\",\\\"Male\\\",\\\"Jakarta, Indonesia\\\",\\\"Non-PBI\\\",\\\"2025-11-22\\\",\\\"2025-11-22\\\"]}\" --peerAddresses bpjs-blockchain-fabric-peer0.bpjs.bpjs-network.com-1:7051 --peerAddresses bpjs-blockchain-fabric-peer0.rumahsakit.bpjs-network.com-1:9051 --waitForEvent\nError: endorsement failure during invoke. response: status:500 message:\"card CARD1 already exists\" \n\n    at BlockchainService.invoke (D:\\Yroo\\Codin\\healthkathon\\bpjs-blockchain-fabric\\api\\src\\fabric\\blockchain.service.ts:50:13)\n    at processTicksAndRejections (node:internal/process/task_queues:105:5)\n    at async D:\\Yroo\\Codin\\healthkathon\\bpjs-blockchain-fabric\\api\\src\\routes\\cards.ts:31:5"}
2025-11-22T11:09:43.856Z [BlockchainService] [31merror[39m: Failed to query GetAllCards:
2025-11-22T11:09:43.978Z [BlockchainService] [31merror[39m: Failed to query GetAllVisits:
2025-11-22T11:09:43.985Z [BlockchainService] [31merror[39m: Failed to query GetAllClaims:
2025-11-22T11:09:50.420Z [BlockchainService] [31merror[39m: Failed to query GetAllCards:
2025-11-22T11:09:50.450Z [DashboardRoute] [31merror[39m: Error fetching cards: Blockchain query failed: Command failed: docker exec cli peer chaincode query -C bpjschannel -n bpjs -c "{\"Args\":[\"GetAllCards\"]}"
Error: endorsement failure during query. response: status:500 message:"Function GetAllCards not found in contract BPJSSmartContract" 
 {"stack":"Error: Blockchain query failed: Command failed: docker exec cli peer chaincode query -C bpjschannel -n bpjs -c \"{\\\"Args\\\":[\\\"GetAllCards\\\"]}\"\nError: endorsement failure during query. response: status:500 message:\"Function GetAllCards not found in contract BPJSSmartContract\" \n\n    at BlockchainService.query (D:\\Yroo\\Codin\\healthkathon\\bpjs-blockchain-fabric\\api\\src\\fabric\\blockchain.service.ts:82:13)\n    at processTicksAndRejections (node:internal/process/task_queues:105:5)\n    at async D:\\Yroo\\Codin\\healthkathon\\bpjs-blockchain-fabric\\api\\src\\routes\\dashboard.ts:12:20"}
2025-11-22T11:09:57.112Z [BlockchainService] [31merror[39m: Failed to query VerifyCard:
2025-11-22T11:09:57.117Z [CardsRoute] [31merror[39m: Error verifying card: Blockchain query failed: Command failed: docker exec cli peer chaincode query -C bpjschannel -n bpjs -c "{\"Args\":[\"VerifyCard\",\"CARD1763809792707\"]}"
Error: endorsement failure during query. response: status:500 message:"card CARD1763809792707 not found" 
 {"stack":"Error: Blockchain query failed: Command failed: docker exec cli peer chaincode query -C bpjschannel -n bpjs -c \"{\\\"Args\\\":[\\\"VerifyCard\\\",\\\"CARD1763809792707\\\"]}\"\nError: endorsement failure during query. response: status:500 message:\"card CARD1763809792707 not found\" \n\n    at BlockchainService.query (D:\\Yroo\\Codin\\healthkathon\\bpjs-blockchain-fabric\\api\\src\\fabric\\blockchain.service.ts:82:13)\n    at processTicksAndRejections (node:internal/process/task_queues:105:5)\n    at async D:\\Yroo\\Codin\\healthkathon\\bpjs-blockchain-fabric\\api\\src\\routes\\cards.ts:61:20"}
2025-11-22T11:15:25.362Z [BlockchainService] [31merror[39m: Failed to query GetAllClaims:
2025-11-22T11:15:25.601Z [BlockchainService] [31merror[39m: Failed to query GetAllCards:
2025-11-22T11:15:25.618Z [DashboardRoute] [31merror[39m: Error fetching cards: Blockchain query failed: Command failed: docker exec cli peer chaincode query -C bpjschannel -n bpjs -c "{\"Args\":[\"GetAllCards\"]}"
Error: endorsement failure during query. response: status:500 message:"Function GetAllCards not found in contract BPJSSmartContract" 
 {"stack":"Error: Blockchain query failed: Command failed: docker exec cli peer chaincode query -C bpjschannel -n bpjs -c \"{\\\"Args\\\":[\\\"GetAllCards\\\"]}\"\nError: endorsement failure during query. response: status:500 message:\"Function GetAllCards not found in contract BPJSSmartContract\" \n\n    at BlockchainService.query (D:\\Yroo\\Codin\\healthkathon\\bpjs-blockchain-fabric\\api\\src\\fabric\\blockchain.service.ts:82:13)\n    at processTicksAndRejections (node:internal/process/task_queues:105:5)\n    at async D:\\Yroo\\Codin\\healthkathon\\bpjs-blockchain-fabric\\api\\src\\routes\\dashboard.ts:12:20"}
2025-11-22T11:15:26.370Z [BlockchainService] [31merror[39m: Failed to query GetAllVisits:
2025-11-22T11:15:26.577Z [BlockchainService] [31merror[39m: Failed to query GetAllCards:
2025-11-22T11:15:33.519Z [BlockchainService] [31merror[39m: Failed to query GetAllClaims:
2025-11-22T11:15:33.713Z [BlockchainService] [31merror[39m: Failed to query GetAllVisits:
2025-11-22T11:15:33.914Z [BlockchainService] [31merror[39m: Failed to query GetAllCards:
